<component name="libraryTable">
  <library name="Junit4">
    <CLASSES>
      <root url="file://$PROJECT_DIR$/../../../../../../Junit4" />
    </CLASSES>
    <JAVADOC />
    <SOURCES />
    <jarDirectory url="file://$PROJECT_DIR$/../../../../../../Junit4" recursive="false" />
  </library>
</component>